<?xml version="1.0" encoding="UTF-8"?>
<testng-results ignored="0" total="1" passed="1" failed="0" skipped="0">
  <reporter-output>
  </reporter-output>
  <suite started-at="2023-06-08T15:57:32 IST" name="Suite" finished-at="2023-06-08T15:58:03 IST" duration-ms="30841">
    <groups>
    </groups>
    <test started-at="2023-06-08T15:57:32 IST" name="Test" finished-at="2023-06-08T15:58:03 IST" duration-ms="30841">
      <class name="com.jenkins.Basicdemo">
        <test-method signature="testCalculateAppriasal()[pri:0, instance:com.jenkins.Basicdemo@5fbdfdcf]" started-at="2023-06-08T15:57:33 IST" name="testCalculateAppriasal" finished-at="2023-06-08T15:58:03 IST" duration-ms="30756" status="PASS">
          <reporter-output>
          </reporter-output>
        </test-method> <!-- testCalculateAppriasal -->
      </class> <!-- com.jenkins.Basicdemo -->
    </test> <!-- Test -->
  </suite> <!-- Suite -->
</testng-results>
